<?xml version="1.0" encoding="UTF-8"?>
<!-- Generated by org.testng.reporters.JUnitReportReporter -->
<testsuite hostname="lenovo-Lenovo-V15-G2-ITL-Ua" failures="0" tests="10" name="com.Campaigns.testCases.TC_MasterTestCase" time="172.827" errors="0" timestamp="30 Nov 2022 06:16:55 GMT" skipped="0">
  <testcase classname="com.Campaigns.testCases.TC_MasterTestCase" name="SearchCampaign" time="4.038"/>
  <testcase classname="com.Campaigns.testCases.TC_MasterTestCase" name="CreateCampaign" time="37.973"/>
  <testcase classname="com.Campaigns.testCases.TC_MasterTestCase" name="UpdateCampaign" time="21.981"/>
  <testcase classname="com.Campaigns.testCases.TC_MasterTestCase" name="Compliance" time="6.203"/>
  <testcase classname="com.Campaigns.testCases.TC_MasterTestCase" name="OptinList" time="21.025"/>
  <testcase classname="com.Campaigns.testCases.TC_MasterTestCase" name="MessageSchedule" time="27.715"/>
  <testcase classname="com.Campaigns.testCases.TC_MasterTestCase" name="AutoResponse" time="26.495"/>
  <testcase classname="com.Campaigns.testCases.TC_MasterTestCase" name="Keywords" time="9.133"/>
  <testcase classname="com.Campaigns.testCases.TC_MasterTestCase" name="SMSInbox" time="3.567"/>
  <testcase classname="com.Campaigns.testCases.TC_MasterTestCase" name="copyDelete" time="14.697"/>
</testsuite> <!-- com.Campaigns.testCases.TC_MasterTestCase -->
